<?xml version="1.0" encoding="UTF-8"?>
<testsuite xmlns:xsi="http://www.w3.org/2001/XMLSchema-instance" xsi:noNamespaceSchemaLocation="https://maven.apache.org/surefire/maven-surefire-plugin/xsd/surefire-test-report.xsd" version="3.0.2" name="com.turno.los.LosApplicationTests" time="27.37" tests="1" errors="0" skipped="0" failures="0">
  <properties>
[...]
</properties>
  <testcase name="contextLoads" classname="com.turno.los.LosApplicationTests" time="0.057">
    <system-out><![CDATA[12:07:59.220 [main] INFO org.springframework.test.context.support.AnnotationConfigContextLoaderUtils -- Could not detect default configuration classes for test class [com.turno.los.LosApplicationTests]: LosApplicationTests does not declare any static, non-private, non-final, nested classes annotated with @Configuration.
12:08:00.132 [main] INFO org.springframework.boot.test.context.SpringBootTestContextBootstrapper -- Found @SpringBootConfiguration com.turno.los.LosApplication for test class com.turno.los.LosApplicationTests

  .   ____          _            __ _ _
 /\\ / ___'_ __ _ _(_)_ __  __ _ \ \ \ \
( ( )\___ | '_ | '_| | '_ \/ _` | \ \ \ \
 \\/  ___)| |_)| | | | | || (_| |  ) ) ) )
  '  |____| .__|_| |_|_| |_\__, | / / / /
 =========|_|==============|___/=/_/_/_/

 :: Spring Boot ::                (v3.5.4)

2025-08-02T12:08:03.582+05:30  INFO 8080 --- [los] [           main] com.turno.los.LosApplicationTests        : Starting LosApplicationTests using Java 17.0.12 with PID 8080 (started by KIIT in C:\Users\KIIT\Documents\los)
2025-08-02T12:08:03.590+05:30  INFO 8080 --- [los] [           main] com.turno.los.LosApplicationTests        : No active profile set, falling back to 1 default profile: "default"
2025-08-02T12:08:07.301+05:30  INFO 8080 --- [los] [           main] .s.d.r.c.RepositoryConfigurationDelegate : Bootstrapping Spring Data JPA repositories in DEFAULT mode.
2025-08-02T12:08:07.652+05:30  INFO 8080 --- [los] [           main] .s.d.r.c.RepositoryConfigurationDelegate : Finished Spring Data repository scanning in 299 ms. Found 2 JPA repository interfaces.
2025-08-02T12:08:09.485+05:30  INFO 8080 --- [los] [           main] o.hibernate.jpa.internal.util.LogHelper  : HHH000204: Processing PersistenceUnitInfo [name: default]
2025-08-02T12:08:09.873+05:30  INFO 8080 --- [los] [           main] org.hibernate.Version                    : HHH000412: Hibernate ORM core version 6.6.22.Final
2025-08-02T12:08:10.064+05:30  INFO 8080 --- [los] [           main] o.h.c.internal.RegionFactoryInitiator    : HHH000026: Second-level cache disabled
2025-08-02T12:08:10.879+05:30  INFO 8080 --- [los] [           main] o.s.o.j.p.SpringPersistenceUnitInfo      : No LoadTimeWeaver setup: ignoring JPA class transformer
2025-08-02T12:08:11.058+05:30  INFO 8080 --- [los] [           main] com.zaxxer.hikari.HikariDataSource       : HikariPool-1 - Starting...
2025-08-02T12:08:12.176+05:30  INFO 8080 --- [los] [           main] com.zaxxer.hikari.pool.HikariPool        : HikariPool-1 - Added connection org.postgresql.jdbc.PgConnection@658ec00c
2025-08-02T12:08:12.183+05:30  INFO 8080 --- [los] [           main] com.zaxxer.hikari.HikariDataSource       : HikariPool-1 - Start completed.
2025-08-02T12:08:12.422+05:30  WARN 8080 --- [los] [           main] org.hibernate.orm.deprecation            : HHH90000025: PostgreSQLDialect does not need to be specified explicitly using 'hibernate.dialect' (remove the property setting and it will be selected by default)
2025-08-02T12:08:12.544+05:30  INFO 8080 --- [los] [           main] org.hibernate.orm.connections.pooling    : HHH10001005: Database info:
	Database JDBC URL [Connecting through datasource 'HikariDataSource (HikariPool-1)']
	Database driver: undefined/unknown
	Database version: 17.5
	Autocommit mode: undefined/unknown
	Isolation level: undefined/unknown
	Minimum pool size: undefined/unknown
	Maximum pool size: undefined/unknown
2025-08-02T12:08:17.224+05:30  INFO 8080 --- [los] [           main] o.h.e.t.j.p.i.JtaPlatformInitiator       : HHH000489: No JTA platform available (set 'hibernate.transaction.jta.platform' to enable JTA platform integration)
2025-08-02T12:08:17.920+05:30  INFO 8080 --- [los] [           main] j.LocalContainerEntityManagerFactoryBean : Initialized JPA EntityManagerFactory for persistence unit 'default'
2025-08-02T12:08:19.111+05:30  INFO 8080 --- [los] [           main] o.s.d.j.r.query.QueryEnhancerFactory     : Hibernate is in classpath; If applicable, HQL parser will be used.
2025-08-02T12:08:22.301+05:30  WARN 8080 --- [los] [           main] JpaBaseConfiguration$JpaWebConfiguration : spring.jpa.open-in-view is enabled by default. Therefore, database queries may be performed during view rendering. Explicitly configure spring.jpa.open-in-view to disable this warning
2025-08-02T12:08:22.519+05:30  INFO 8080 --- [los] [           main] o.s.v.b.OptionalValidatorFactoryBean     : Failed to set up a Bean Validation provider: jakarta.validation.NoProviderFoundException: Unable to create a Configuration, because no Jakarta Bean Validation provider could be found. Add a provider like Hibernate Validator (RI) to your classpath.
2025-08-02T12:08:25.335+05:30  INFO 8080 --- [los] [           main] com.turno.los.LosApplicationTests        : Started LosApplicationTests in 23.969 seconds (process running for 37.599)
]]></system-out>
  </testcase>
</testsuite>